<?xml version="1.0" encoding="UTF-8"?>
<!-- Generated by org.testng.reporters.JUnitReportReporter -->
<testsuite hostname="DESKTOP-DTAOF7I" failures="0" tests="4" name="com.test.automation.tests.HomePageTest" time="42.135" errors="0" timestamp="2024-10-30T03:41:34 GMT-07:00" skipped="0">
  <testcase classname="com.test.automation.tests.HomePageTest" name="addProductTCart1" time="18.312"/>
  <testcase classname="com.test.automation.tests.HomePageTest" name="addProductTCart1" time="5.543"/>
  <testcase classname="com.test.automation.tests.HomePageTest" name="addProductTCart" time="5.171"/>
  <testcase classname="com.test.automation.tests.HomePageTest" name="addProductTCart" time="13.109"/>
</testsuite> <!-- com.test.automation.tests.HomePageTest -->
