<?xml version="1.0" encoding="UTF-8"?>
<!-- Generated by org.testng.reporters.JUnitReportReporter -->
<testsuite hostname="DESKTOP-DTAOF7I" failures="0" tests="1" name="com.test.automation.tests.LoginTestNew" time="23.672" errors="0" timestamp="2024-10-30T03:41:34 GMT-07:00" skipped="0">
  <testcase classname="com.test.automation.tests.LoginTestNew" name="testSuccessfulLogin" time="23.672"/>
</testsuite> <!-- com.test.automation.tests.LoginTestNew -->
