<?xml version="1.0" encoding="UTF-8"?>
<!-- Generated by org.testng.reporters.JUnitReportReporter -->
<testsuite hostname="DESKTOP-DTAOF7I" failures="0" tests="2" name="com.test.automation.tests.LoginTest" time="31.864" errors="0" timestamp="2024-10-30T01:32:18 GMT-07:00" skipped="0">
  <testcase classname="com.test.automation.tests.LoginTest" name="testSuccessfulLogin" time="10.835"/>
  <testcase classname="com.test.automation.tests.LoginTest" name="testSuccessfulLogin" time="21.029"/>
</testsuite> <!-- com.test.automation.tests.LoginTest -->
