<?xml version="1.0" encoding="UTF-8"?>
<!-- Generated by org.testng.reporters.JUnitReportReporter -->
<testsuite hostname="DESKTOP-DTAOF7I" failures="0" tests="4" name="com.test.automation.tests.HomePageTest" time="40.054" errors="0" timestamp="2024-10-30T01:32:18 GMT-07:00" skipped="0">
  <testcase classname="com.test.automation.tests.HomePageTest" name="addProductTCart1" time="9.857"/>
  <testcase classname="com.test.automation.tests.HomePageTest" name="addProductTCart" time="6.921"/>
  <testcase classname="com.test.automation.tests.HomePageTest" name="addProductTCart" time="18.759"/>
  <testcase classname="com.test.automation.tests.HomePageTest" name="addProductTCart1" time="4.517"/>
</testsuite> <!-- com.test.automation.tests.HomePageTest -->
