<?xml version="1.0" encoding="UTF-8"?>
<!-- Generated by org.testng.reporters.JUnitReportReporter -->
<testsuite hostname="DESKTOP-DTAOF7I" failures="0" tests="2" name="com.test.automation.tests.HomePageTestNew" time="28.871" errors="0" timestamp="2024-10-30T03:41:34 GMT-07:00" skipped="0">
  <testcase classname="com.test.automation.tests.HomePageTestNew" name="addProductTCart" time="19.540"/>
  <testcase classname="com.test.automation.tests.HomePageTestNew" name="addProductTCart1" time="9.331"/>
</testsuite> <!-- com.test.automation.tests.HomePageTestNew -->
